   3 |     ARG BUILD_FROM
   4 | >>> FROM ${BUILD_FROM:-homeassistant/amd64-base-python:3.11}
   5 |     
   6 |     ARG BUILD_ARCH
--------------------
ERROR: failed to build: failed to solve: homeassistant/amd64-base-python:3.11: failed to resolve source metadata for docker.io/homeassistant/amd64-base-python:3.11: docker.io/homeassistant/amd64-base-python:3.11: not found
[0m
[32m2026-05-15 11:17:37.817 INFO (MainThread) [supervisor.store.git] Update app /data/addons/git/5c53de3b repository from https://github.com/esphome/home-assistant-addon[0m
[32m2026-05-15 11:17:37.817 INFO (MainThread) [supervisor.store.git] Update app /data/addons/git/a0d7b954 repository from https://github.com/hassio-addons/repository[0m
[32m2026-05-15 11:17:37.819 INFO (MainThread) [supervisor.store.git] Update app /data/addons/core repository from https://github.com/home-assistant/addons[0m
[32m2026-05-15 11:17:37.819 INFO (MainThread) [supervisor.store.git] Update app /data/addons/git/d5369777 repository from https://github.com/music-assistant/home-assistant-addon[0m
[32m2026-05-15 11:17:37.822 INFO (MainThread) [supervisor.store.git] Update app /data/addons/git/fc57b866 repository from https://github.com/pssc/ha-addon-lms/[0m
[32m2026-05-15 11:17:37.825 INFO (MainThread) [supervisor.store.git] Update app /data/addons/git/011a0c26 repository from https://github.com/trankhanhduy2929-beep/my_hass_addon_public[0m
[32m2026-05-15 11:17:37.825 INFO (MainThread) [supervisor.store.git] Update app /data/addons/git/bac75787 repository from https://github.com/pssc/ha-addon-squeezelite[0m
[32m2026-05-15 11:17:38.612 INFO (MainThread) [supervisor.store.git] Update app /data/addons/git/6fe70ea6 repository from https://github.com/kazeko123/my-hass-addons[0m
[33m2026-05-15 11:17:41.104 WARNING (SyncWorker_5) [supervisor.addons.validate] App config 'arch' uses deprecated values ['armhf', 'armv7', 'i386']. Please report this to the maintainer of Hanet Camera Bridge[0m
[33m2026-05-15 11:17:41.105 WARNING (SyncWorker_5) [supervisor.addons.validate] App config 'arch' uses deprecated values ['armv7']. Please report this to the maintainer of AI Proxy Router[0m
[33m2026-05-15 11:17:41.106 WARNING (SyncWorker_5) [supervisor.addons.validate] App config 'arch' uses deprecated values ['armv7']. Please report this to the maintainer of AI Vision Entity Describer[0m
[33m2026-05-15 11:17:41.112 WARNING (SyncWorker_2) [supervisor.addons.validate] App config 'arch' uses deprecated values ['armhf', 'armv7', 'i386']. Please report this to the maintainer of Squeezelite Clone 3[0m
[33m2026-05-15 11:17:41.114 WARNING (SyncWorker_2) [supervisor.addons.validate] App config 'arch' uses deprecated values ['armhf', 'armv7', 'i386']. Please report this to the maintainer of Squeezelite Clone 2[0m
[33m2026-05-15 11:17:41.115 WARNING (SyncWorker_2) [supervisor.addons.validate] App config 'arch' uses deprecated values ['armhf', 'armv7', 'i386']. Please report this to the maintainer of Squeezelite Clone 4[0m
[33m2026-05-15 11:17:41.116 WARNING (SyncWorker_2) [supervisor.addons.validate] App config 'arch' uses deprecated values ['armhf', 'armv7', 'i386']. Please report this to the maintainer of Squeezelite Clone 5[0m
[33m2026-05-15 11:17:41.120 WARNING (SyncWorker_2) [supervisor.addons.validate] App config 'arch' uses deprecated values ['armhf', 'armv7', 'i386']. Please report this to the maintainer of Squeezelite Clone 1[0m
[33m2026-05-15 11:17:41.121 WARNING (SyncWorker_2) [supervisor.addons.validate] App config 'arch' uses deprecated values ['armhf', 'armv7', 'i386']. Please report this to the maintainer of Squeezelite Clone 7[0m
[33m2026-05-15 11:17:41.122 WARNING (SyncWorker_2) [supervisor.addons.validate] App config 'arch' uses deprecated values ['armhf', 'armv7', 'i386']. Please report this to the maintainer of Squeezelite[0m
[33m2026-05-15 11:17:41.123 WARNING (SyncWorker_2) [supervisor.addons.validate] App config 'arch' uses deprecated values ['armhf', 'armv7', 'i386']. Please report this to the maintainer of Squeezelite Clone 8[0m
[33m2026-05-15 11:17:41.126 WARNING (SyncWorker_2) [supervisor.addons.validate] App config 'arch' uses deprecated values ['armhf', 'armv7', 'i386']. Please report this to the maintainer of Squeezelite Clone 6[0m
[33m2026-05-15 11:17:41.127 WARNING (SyncWorker_2) [supervisor.addons.validate] App config 'arch' uses deprecated values ['armhf', 'armv7', 'i386']. Please report this to the maintainer of Squeezelite Clone 9[0m
[33m2026-05-15 11:17:41.129 WARNING (SyncWorker_4) [supervisor.addons.validate] App config 'arch' uses deprecated values ['armhf', 'armv7', 'i386']. Please report this to the maintainer of Hanet Camera Bridge[0m
[33m2026-05-15 11:17:41.130 WARNING (SyncWorker_4) [supervisor.addons.validate] App config 'arch' uses deprecated values ['armv7']. Please report this to the maintainer of AI Proxy Router[0m
[33m2026-05-15 11:17:41.131 WARNING (SyncWorker_4) [supervisor.addons.validate] App config 'arch' uses deprecated values ['armv7']. Please report this to the maintainer of AI Vision Entity Describer[0m
[33m2026-05-15 11:17:41.132 WARNING (SyncWorker_4) [supervisor.addons.validate] App config 'arch' uses deprecated values ['armhf', 'armv7']. Please report this to the maintainer of YouTube Music Cinematic[0m
[33m2026-05-15 11:17:41.138 WARNING (SyncWorker_5) [supervisor.addons.validate] App config 'arch' uses deprecated values ['armhf', 'armv7', 'i386']. Please report this to the maintainer of LMS Lyrion Music Server(Formerly Logitech Media Server)[0m
[33m2026-05-15 11:17:41.189 WARNING (SyncWorker_5) [supervisor.addons.validate] App config 'arch' uses deprecated values ['armv7']. Please report this to the maintainer of Log Viewer[0m
[33m2026-05-15 11:17:41.189 WARNING (SyncWorker_5) [supervisor.addons.validate] App 'Log Viewer' uses deprecated 'codenotary' field in config. This field is no longer used and will be ignored. Please report this to the maintainer.[0m
[33m2026-05-15 11:17:41.198 WARNING (SyncWorker_5) [supervisor.addons.validate] App 'SQLite Web' uses deprecated 'advanced' field in config. This field is ignored by the Supervisor. Please report this to the maintainer.[0m
[33m2026-05-15 11:17:41.210 WARNING (SyncWorker_5) [supervisor.addons.validate] App config 'arch' uses deprecated values ['armv7']. Please report this to the maintainer of MQTT IO[0m
[33m2026-05-15 11:17:41.210 WARNING (SyncWorker_5) [supervisor.addons.validate] App 'MQTT IO' uses deprecated 'codenotary' field in config. This field is no longer used and will be ignored. Please report this to the maintainer.[0m
[33m2026-05-15 11:17:41.245 WARNING (SyncWorker_5) [supervisor.addons.validate] App config 'arch' uses deprecated values ['armv7']. Please report this to the maintainer of InfluxDB[0m
[33m2026-05-15 11:17:41.245 WARNING (SyncWorker_5) [supervisor.addons.validate] App 'InfluxDB' uses deprecated 'codenotary' field in config. This field is no longer used and will be ignored. Please report this to the maintainer.[0m
[33m2026-05-15 11:17:41.252 WARNING (SyncWorker_5) [supervisor.addons.validate] App 'Folding@home' uses deprecated 'codenotary' field in config. This field is no longer used and will be ignored. Please report this to the maintainer.[0m
[33m2026-05-15 11:17:41.254 WARNING (SyncWorker_5) [supervisor.addons.validate] App config 'arch' uses deprecated values ['armv7']. Please report this to the maintainer of Overseerr[0m
[33m2026-05-15 11:17:41.254 WARNING (SyncWorker_5) [supervisor.addons.validate] App 'Overseerr' uses deprecated 'codenotary' field in config. This field is no longer used and will be ignored. Please report this to the maintainer.[0m
[33m2026-05-15 11:17:41.256 WARNING (SyncWorker_5) [supervisor.addons.validate] App config 'arch' uses deprecated values ['armv7']. Please report this to the maintainer of Nginx Proxy Manager[0m
[33m2026-05-15 11:17:41.256 WARNING (SyncWorker_5) [supervisor.addons.validate] App 'Nginx Proxy Manager' uses deprecated 'codenotary' field in config. This field is no longer used and will be ignored. Please report this to the maintainer.[0m
[33m2026-05-15 11:17:41.264 WARNING (SyncWorker_5) [supervisor.addons.validate] App 'Traccar' uses deprecated 'codenotary' field in config. This field is no longer used and will be ignored. Please report this to the maintainer.[0m
[32m2026-05-15 11:17:41.272 INFO (MainThread) [supervisor.store] Loading apps from store: 100 all - 0 new - 0 remove[0m
[33m2026-05-15 11:18:03.128 WARNING (MainThread) [supervisor.addons.build] App 6fe70ea6_youtube_cast_addon uses build.yaml which is deprecated. Move build parameters into the Dockerfile directly.[0m
[32m2026-05-15 11:18:03.128 INFO (MainThread) [supervisor.docker.addon] Starting build for 6fe70ea6/amd64-addon-youtube_cast_addon:1.20.21[0m
[32m2026-05-15 11:18:03.130 INFO (MainThread) [supervisor.docker.manager] Running command '['docker', 'buildx', 'build', '.', '--tag', '6fe70ea6/amd64-addon-youtube_cast_addon:1.20.21', '--file', 'Dockerfile', '--platform', 'linux/amd64', '--pull', '--label', 'io.hass.version=1.20.21', '--label', 'io.hass.arch=amd64', '--label', 'io.hass.type=app', '--label', 'io.hass.name=YouTube Music Cinematic', '--label', 'io.hass.description=Trình phát nhạc YouTube cao cấp: Tự đề xuất, Infinite Scroll, Proxy Stream & Favorites', '--build-arg', 'BUILD_VERSION=1.20.21', '--build-arg', 'BUILD_ARCH=amd64', '--build-arg', 'BUILD_FROM=ghcr.io/home-assistant/amd64-base-python:3.11']' on docker:29.3.1-cli[0m
[31m2026-05-15 11:18:04.978 ERROR (MainThread) [supervisor.docker.addon] Docker build failed for 6fe70ea6/amd64-addon-youtube_cast_addon:1.20.21 (exit code 1). Build output:
#0 building with "default" instance using docker driver

#1 [internal] load build definition from Dockerfile
#1 transferring dockerfile: 488B done
#1 WARN: InvalidDefaultArgInFrom: Default value for ARG ${BUILD_FROM} results in empty or invalid base image name (line 2)
#1 DONE 0.0s

#2 [internal] load metadata for ghcr.io/home-assistant/amd64-base-python:3.11
#2 ERROR: ghcr.io/home-assistant/amd64-base-python:3.11: not found
------
 > [internal] load metadata for ghcr.io/home-assistant/amd64-base-python:3.11:
------

 [33m1 warning found (use docker --debug to expand):
[0m - InvalidDefaultArgInFrom: Default value for ARG ${BUILD_FROM} results in empty or invalid base image name (line 2)
Dockerfile:2
--------------------
   1 |     ARG BUILD_FROM
   2 | >>> FROM ${BUILD_FROM}
   3 |     
   4 |     ARG BUILD_ARCH
--------------------
ERROR: failed to build: failed to solve: ghcr.io/home-assistant/amd64-base-python:3.11: failed to resolve source metadata for ghcr.io/home-assistant/amd64-base-python:3.11: ghcr.io/home-assistant/amd64-base-python:3.11: not found
[0m
[31m2026-05-15 11:18:04.978 ERROR (MainThread) [supervisor.addons.addon] Could not build image for app 6fe70ea6_youtube_cast_addon: Docker build failed for 6fe70ea6/amd64-addon-youtube_cast_addon:1.20.21 (exit code 1). Build output:
#0 building with "default" instance using docker driver

#1 [internal] load build definition from Dockerfile
#1 transferring dockerfile: 488B done
#1 WARN: InvalidDefaultArgInFrom: Default value for ARG ${BUILD_FROM} results in empty or invalid base image name (line 2)
#1 DONE 0.0s

#2 [internal] load metadata for ghcr.io/home-assistant/amd64-base-python:3.11
#2 ERROR: ghcr.io/home-assistant/amd64-base-python:3.11: not found
------
 > [internal] load metadata for ghcr.io/home-assistant/amd64-base-python:3.11:
------

 [33m1 warning found (use docker --debug to expand):
[0m - InvalidDefaultArgInFrom: Default value for ARG ${BUILD_FROM} results in empty or invalid base image name (line 2)
Dockerfile:2
--------------------
   1 |     ARG BUILD_FROM
   2 | >>> FROM ${BUILD_FROM}
   3 |     
   4 |     ARG BUILD_ARCH
--------------------
ERROR: failed to build: failed to solve: ghcr.io/home-assistant/amd64-base-python:3.11: failed to resolve source metadata for ghcr.io/home-assistant/amd64-base-python:3.11: ghcr.io/home-assistant/amd64-base-python:3.11: not found
[0m
